<?xml version="1.0" encoding="UTF-8"?>
<!-- Generated by org.testng.reporters.JUnitReportReporter -->
<testsuite skipped="0" hostname="INTEL-PC" name="testng.TestNGExample" tests="6" failures="0" timestamp="24 Jun 2018 02:25:34 GMT" time="49.121" errors="0">
  <testcase name="testSearchFeature" time="6.985" classname="testng.TestNGExample"/>
  <testcase name="testSearchFeatureUsingDataProvider" time="10.296" classname="testng.TestNGExample"/>
  <testcase name="testSearchFeatureUsingDataProvider" time="8.405" classname="testng.TestNGExample"/>
  <testcase name="testPageTitle" time="7.035" classname="testng.TestNGExample"/>
  <testcase name="testGmailLinkNavigation" time="8.493" classname="testng.TestNGExample"/>
  <testcase name="testImagesLinkNavigation" time="7.907" classname="testng.TestNGExample"/>
</testsuite> <!-- testng.TestNGExample -->
