<?xml version="1.0" encoding="UTF-8"?>
<!-- Generated by org.testng.reporters.JUnitReportReporter -->
<testsuite skipped="0" hostname="INTEL-PC" name="testng.UITest" tests="2" failures="0" timestamp="24 Jun 2018 01:51:42 GMT" time="11.579" errors="0">
  <testcase name="testGmailLinkAvailability" time="5.450" classname="testng.UITest"/>
  <testcase name="testImagesLinkAvailability" time="6.129" classname="testng.UITest"/>
</testsuite> <!-- testng.UITest -->
